1560308464958	mozrunner::runner	INFO	Running command: "C:\\Program Files\\Mozilla Firefox\\firefox.exe" "-marionette" "-foreground" "-no-remote" "-profile" "C:\\Users\\Slava\\AppData\\Local\\Temp\\rust_mozprofile.d1bp6YrZwkuD"
1560308465943	addons.webextension.screenshots@mozilla.org	WARN	Loading extension 'screenshots@mozilla.org': Reading manifest: Invalid extension permission: mozillaAddons
1560308465943	addons.webextension.screenshots@mozilla.org	WARN	Loading extension 'screenshots@mozilla.org': Reading manifest: Invalid extension permission: resource://pdf.js/
1560308465944	addons.webextension.screenshots@mozilla.org	WARN	Loading extension 'screenshots@mozilla.org': Reading manifest: Invalid extension permission: about:reader*
1560308468063	Marionette	INFO	Listening on port 9919
1560308468187	Marionette	WARN	TLS certificate errors will be ignored for this session
[Child 11232, Chrome[_CChhiilldd T7h4r8e4a,d ]C hWrAoRmNeI_NCGh:i lpdiTpher eeardr]o rW:A R1N0I9N:G :f ipliep ez :e/rbuirlodr/:b u1i0l9d:/ sfricl/ei pzc://cbhurilodm/ibuum/src/chrome/commiolnd//isprcc_ch/ainpnce/lc_hrwoimni.ucmc/,s rlci/nceh r3o3me/2co
m[mon/ipc_channel_win.cc, line 332
[Parent 8540, Gecko_IOThread] WARNING: pipe error: 109: file z:/build/build/src/ipc/chromium/src/chrome/common/ipc_channel_win.cc, line 332
[Child 10488, Chrome_ChildThread] WARNING: pipe error: 109: file z:/build/build/src/ipc/chromium/src/chrome/common/ipc_channel_win.cc, line 332
1560308504058	Marionette	INFO	Stopped listening on port 9919
[1560308512662	mozrunner::runner	INFO	Running command: "C:\\Program Files\\Mozilla Firefox\\firefox.exe" "-marionette" "-foreground" "-no-remote" "-profile" "C:\\Users\\Slava\\AppData\\Local\\Temp\\rust_mozprofile.G9tH1Kk5KZ0J"
1560308513412	addons.webextension.screenshots@mozilla.org	WARN	Loading extension 'screenshots@mozilla.org': Reading manifest: Invalid extension permission: mozillaAddons
1560308513412	addons.webextension.screenshots@mozilla.org	WARN	Loading extension 'screenshots@mozilla.org': Reading manifest: Invalid extension permission: resource://pdf.js/
1560308513413	addons.webextension.screenshots@mozilla.org	WARN	Loading extension 'screenshots@mozilla.org': Reading manifest: Invalid extension permission: about:reader*
1560308515026	Marionette	INFO	Listening on port 10227
1560308515412	Marionette	WARN	TLS certificate errors will be ignored for this session
[[CChhild 8736, Chrome_ChildThread] WARNING: pipe eirlrodr :8 1128, Chrome_ChildThread] WARNING: pipe error: 09:1 file 09: file z:/build/build/src/ipzc/chromium/src/chrome/common/ipc_channel_win.cc, li:n/beuild/build/src/ip c/c3hro3m2i
um/src/chrome/common/ipc_channel_win.cc, line 332
[C[Child 10808, Chrome_ChildThread] WARNING: pipe error: 109: file z:/build/build/src/ipc/chromium/src/chrome/common/ipc_channel_win.cc, line 332
[Child 11560308536407	Marionette	INFO	Stopped listening on port 10227

###!!! [Child][RunMessage] Error: Channel closing: too late to send/recv, messages will be lost

1560308556927	mozrunner::runner	INFO	Running command: "C:\\Program Files\\Mozilla Firefox\\firefox.exe" "-marionette" "-foreground" "-no-remote" "-profile" "C:\\Users\\Slava\\AppData\\Local\\Temp\\rust_mozprofile.xgOEJtcZws9Y"
1560308557679	addons.webextension.screenshots@mozilla.org	WARN	Loading extension 'screenshots@mozilla.org': Reading manifest: Invalid extension permission: mozillaAddons
1560308557680	addons.webextension.screenshots@mozilla.org	WARN	Loading extension 'screenshots@mozilla.org': Reading manifest: Invalid extension permission: resource://pdf.js/
1560308557680	addons.webextension.screenshots@mozilla.org	WARN	Loading extension 'screenshots@mozilla.org': Reading manifest: Invalid extension permission: about:reader*
1560308559276	Marionette	INFO	Listening on port 10507
1560308559639	Marionette	WARN	TLS certificate errors will be ignored for this session
[Parent 3524, Gecko_IOThread] WARNING: pipe error: 109: file z:/build/build/src/ipc/chromium/src/chrome/common/ipc_channel_win.cc, line 332
[Parent 3524, Gecko_IOThread] WARNING: pipe error: 109: file z:/build/build/src/ipc/chromium/src/chrome/common/ipc_channel_win.cc, line 332
[Child 10552, [CChrhiolmd 760e_ChildThread] WARNING: pipe error:4 ,1 0C9h:r filoeme_ChildThread[Parent 3 z524, Gecko_IOThread] WARNI:/NGb]:u  iWfldileAR z:/buildN//bbIuuNiiGld/src/ipc/cl:hromium/src/ba dse/process_util_win.cc, line 166/p
sripc/ipc/cher eormiror: 1um0/sr9c:/ cfhirloem ez/:c/obmumiolnd//ibuilpcd/s_chanrc/inpel_wcin.cc, line 332/
[chromium/src/chrome/common/ipc_channel_win.cc, line 332
1560308572382	Marionette	INFO	Stopped listening on port 10507

###!!! [Child][RunMessage] Error: Channel closing: too late to send/recv, messages will be lost


###!!! [Child][MessageChannel::SendAndWait] Error: Channel error: cannot send/recv

1560308584133	mozrunner::runner	INFO	Running command: "C:\\Program Files\\Mozilla Firefox\\firefox.exe" "-marionette" "-foreground" "-no-remote" "-profile" "C:\\Users\\Slava\\AppData\\Local\\Temp\\rust_mozprofile.VzzWIyQN6IUh"
1560308584889	addons.webextension.screenshots@mozilla.org	WARN	Loading extension 'screenshots@mozilla.org': Reading manifest: Invalid extension permission: mozillaAddons
1560308584890	addons.webextension.screenshots@mozilla.org	WARN	Loading extension 'screenshots@mozilla.org': Reading manifest: Invalid extension permission: resource://pdf.js/
1560308584890	addons.webextension.screenshots@mozilla.org	WARN	Loading extension 'screenshots@mozilla.org': Reading manifest: Invalid extension permission: about:reader*
1560308586501	Marionette	INFO	Listening on port 10700
1560308586935	Marionette	WARN	TLS certificate errors will be ignored for this session
[Parent 11080, Gecko_IOThread] WARNING: pipe error: 109: file z:/build/build/src/ipc/chromium/src/chrome/common/ipc_channel_win.cc, line 332
[[CChhiilldd  117136, Chr084, Chome_ChildThreadrome] WA_RCNhIiNlGd:T hpriepaed ]e rWrAoRrN:I N1G0: pipe er9: rfoirl: 10e z:9: /bfile z:/build/buiulidl/ds/rc/biupcil/dch/rsormiumc//ipscr/chromicu/chrome/m/src/chrcoome/mcmoommon/ipc_channeln_/ipc_channelw_win.cc, liinne. c3c3, 2l
ine 332
[[Child 4216, Chrome_ChildThread] WARNING: pipe error: 109: file z:/build/build/src/ipc/chromium/src/chrome/common/ipc_channel_win.cc, line 332
1560308592967	Marionette	INFO	Stopped listening on port 10700

###!!! [Child][RunMessage] Error: Channel closing: too late to send/recv, messages will be lost

1560308736321	mozrunner::runner	INFO	Running command: "C:\\Program Files\\Mozilla Firefox\\firefox.exe" "-marionette" "-foreground" "-no-remote" "-profile" "C:\\Users\\Slava\\AppData\\Local\\Temp\\rust_mozprofile.rC3APFmTGmCU"
1560308737070	addons.webextension.screenshots@mozilla.org	WARN	Loading extension 'screenshots@mozilla.org': Reading manifest: Invalid extension permission: mozillaAddons
1560308737071	addons.webextension.screenshots@mozilla.org	WARN	Loading extension 'screenshots@mozilla.org': Reading manifest: Invalid extension permission: resource://pdf.js/
1560308737071	addons.webextension.screenshots@mozilla.org	WARN	Loading extension 'screenshots@mozilla.org': Reading manifest: Invalid extension permission: about:reader*
1560308738903	Marionette	INFO	Listening on port 11576
1560308739055	Marionette	WARN	TLS certificate errors will be ignored for this session
[Parent 10276, Gecko_IOThread] WARNING: pipe error: 109: file z:/build/build/src/ipc/chromium/src/chrome/common/ipc_channel_win.cc, line 332
[Parent 10276, Gecko_IOThread] WARNING: pipe error: 109: file z:/build/build/src/ipc/chromium/src/chrome/common/ipc_channel_win.cc, line 332
[Child 5[1Child 75340,6 , ChromeC_ChhrioldThread] mWARNING: pipee error: 109: file z:/_build/build/sCrhcild/Tihpc/chromium/src/chrome/common/ipread] WARNING: pipe error: 10c9_:c fhilannee z:/buil_winl.dc/cb, luine 33i2l
d/src/ipc/chromium/src/chrome/common/ipc_channel_win.cc, line 332
[[Parent 10276, Gecko_IOThread] WARNING: pipe error: 109: file z:/build/build/src/ipc/chromium/src/chrome/common/ipc_channel_win.cc, line 332
[Child 8484, Chrome_ChildThread] WARNING: pipe error: 109: file z:/build/build/src/ipc/chromium/src/chrome/common/ipc_channel_win.cc, line 332
1560308819330	Marionette	INFO	Stopped listening on port 11576

###!!! [Child][RunMessage] Error: Channel closing: too late to send/recv, messages will be lost

1560308845155	mozrunner::runner	INFO	Running command: "C:\\Program Files\\Mozilla Firefox\\firefox.exe" "-marionette" "-foreground" "-no-remote" "-profile" "C:\\Users\\Slava\\AppData\\Local\\Temp\\rust_mozprofile.P5wxDTUYTETR"
1560308845906	addons.webextension.screenshots@mozilla.org	WARN	Loading extension 'screenshots@mozilla.org': Reading manifest: Invalid extension permission: mozillaAddons
1560308845907	addons.webextension.screenshots@mozilla.org	WARN	Loading extension 'screenshots@mozilla.org': Reading manifest: Invalid extension permission: resource://pdf.js/
1560308845907	addons.webextension.screenshots@mozilla.org	WARN	Loading extension 'screenshots@mozilla.org': Reading manifest: Invalid extension permission: about:reader*
1560308847615	Marionette	INFO	Listening on port 12222
1560308847882	Marionette	WARN	TLS certificate errors will be ignored for this session
IPDL protocol error: Handler returned error code!

###!!! [Parent][DispatchAsyncMessage] Error: PAPZCTreeManager::Msg_SetTargetAPZC Processing error: message was deserialized, but the handler returned false (indicating failure)

[Parent 11208, Gecko_IOThread] WARNING: pipe error: 109: file z:/build/build/src/ipc/chromium/src/chrome/common/ipc_channel_win.cc, line 332
[Parent 11208, Gecko_IOThread] WARNING: pipe error: 109: file z:/build/build/src/ipc/chromium/src/chrome/common/ipc_channel_win.cc, line 332
[Child 2648, Chrome_ChildThread] WARNING: pipe e[rCrhor: i1l0d9:  f9ile8 5z:2/,b uCild/buhirlodme/s_rCch/ipilcd/Tchhrreaodm]i uWm/AsrRcNI/NcGh:r opme/commionp/e error: 109: file z:/ipc_channel_wibuni.cc,l dl/biuild/src/ipc/chromium/nsrc/chrome/common/ipc_channel_win.cc, line 332e
 332
[1560308997095	Marionette	INFO	Stopped listening on port 12222

###!!! [Child][RunMessage] Error: Channel closing: too late to send/recv, messages will be lost

[Parent 11208, Gecko_IOThread] WARNING: pipe error: 232: file z:/build/build/src/ipc/chromium/src/chrome/common/ipc_channel_win.cc, line 493
ession
[Child 4152, Chrome_Chil[ChdilThrd ead11164, Chrome_ChildThread] WARNING: pipe error]:  1W0ARNING9::  pifpiel e ez:/build/build/src/ipc/chrrroomri: 1u09:m fi/le sz:/rbcuil/dch/rboumile/d/scrocm/miopnc/i/pchc_crhoam[niPnuaemrl/e_snt 1512, Geckwroic/n_IOThread] WARNING: pipe error: 109: file z:/build/build/src/ipc/c.chchromcrium/src/chrome/common/ipc_channel_win.cc, line 332o,
m le/ine 332
common/ipc_channel_win.cc, line 332
[Child 6808, Chrome_ChildThread] WARNING: pipe error: 109: file z:/build/build/src/ipc/chromium/src/chrome/common/ipc_channel_win.cc, line 332
[1560308972072	Marionette	INFO	Stopped listening on port 12913

###!!! [Child][RunMessage] Error: Channel closing: too late to send/recv, messages will be lost


###!!! [Child][MessageChannel::SendAndWait] Error: Channel error: cannot send/recv

1560309158731	mozrunner::runner	INFO	Running command: "C:\\Program Files\\Mozilla Firefox\\firefox.exe" "-marionette" "-foreground" "-no-remote" "-profile" "C:\\Users\\Slava\\AppData\\Local\\Temp\\rust_mozprofile.yGrxbD9I59TC"
1560309159515	addons.webextension.screenshots@mozilla.org	WARN	Loading extension 'screenshots@mozilla.org': Reading manifest: Invalid extension permission: mozillaAddons
1560309159515	addons.webextension.screenshots@mozilla.org	WARN	Loading extension 'screenshots@mozilla.org': Reading manifest: Invalid extension permission: resource://pdf.js/
1560309159515	addons.webextension.screenshots@mozilla.org	WARN	Loading extension 'screenshots@mozilla.org': Reading manifest: Invalid extension permission: about:reader*
1560309161320	Marionette	INFO	Listening on port 14222
1560309161526	Marionette	WARN	TLS certificate errors will be ignored for this session
1560309164654	Marionette	WARN	TimedPromise timed out after 500 ms: stacktrace:
bail@chrome://marionette/content/sync.js:224:64
httpGet@http://suninjuly.github.io/jquery_min.js:23:5
getHashcode@http://suninjuly.github.io/jquery_min.js:32:13
checkAnswer@http://suninjuly.github.io/jquery_min.js:89:28
checkTask@http://suninjuly.github.io/jquery_min.js:113:9
onsubmit@http://suninjuly.github.io/math.html:1:1
event.synthesizeMouseAtPoint@chrome://marionette/content/event.js:202:5
webdriverClickElement@chrome://marionette/content/interaction.js:183:5
[Child 6984,[Child  C70hro5m6e,_ CChildThread]h WARNINrGo:m ep_iCphei ledrTrhorre:a 10d] 9W:AR NfIiNlG:e  pzi:p/ebui ledr/buriolr:d /1s0rc/9i:p c/fchromiuim/lser cz/:c/hbruiolmde//bcuoimlmdo/nsr/c/iippc_cc/chhraomninum/eslr_cw/icnh.rcocm,e /lcionmem o3n3/2i
p[cC_channel_win.cc, l[ine 332
Child 8196, Chrome_ChildThread] WARNING: pipe error: 109: file z:/build/build/src/ipc/chromium/src/chrome/common/ipc_channel_win.cc, line 332
1560309196386	Marionette	INFO	Stopped listening on port 14222

###!!! [Child][RunMessage] Error: Channel closing: too late to send/recv, messages will be lost

1560309202043	mozrunner::runner	INFO	Running command: "C:\\Program Files\\Mozilla Firefox\\firefox.exe" "-marionette" "-foreground" "-no-remote" "-profile" "C:\\Users\\Slava\\AppData\\Local\\Temp\\rust_mozprofile.VkqwAHTzd7Kx"
1560309202541	addons.webextension.screenshots@mozilla.org	WARN	Loading extension 'screenshots@mozilla.org': Reading manifest: Invalid extension permission: mozillaAddons
1560309202542	addons.webextension.screenshots@mozilla.org	WARN	Loading extension 'screenshots@mozilla.org': Reading manifest: Invalid extension permission: resource://pdf.js/
1560309202542	addons.webextension.screenshots@mozilla.org	WARN	Loading extension 'screenshots@mozilla.org': Reading manifest: Invalid extension permission: about:reader*
1560309204209	Marionette	INFO	Listening on port 14517
1560309204308	Marionette	WARN	TLS certificate errors will be ignored for this session
1560309207214	Marionette	WARN	TimedPromise timed out after 500 ms: stacktrace:
bail@chrome://marionette/content/sync.js:224:64
httpGet@http://suninjuly.github.io/jquery_min.js:23:5
getHashcode@http://suninjuly.github.io/jquery_min.js:32:13
checkAnswer@http://suninjuly.github.io/jquery_min.js:89:28
checkTask@http://suninjuly.github.io/jquery_min.js:113:9
onsubmit@http://suninjuly.github.io/math.html:1:1
event.synthesizeMouseAtPoint@chrome://marionette/content/event.js:202:5
webdriverClickElement@chrome://marionette/content/interaction.js:183:5
[C[hCihlidl d5 483968, Chr4om,e _CChhildrTohmreade]_ ChWiARNlING: dpipTeh reead] WARNING: rrpoiper er:ror: 1 0190:9:  ffiillee z :/buizl:d/b/uild/bbuuiilldd//ssrc/ipc/chromiurm/csrc//cihprome/common/ipc_channel_win.cc/c, line 332c
hromium/src/chrome/common/ipc_channel_win.cc, line 332
[[Child 3296, Chrome_ChildThread] WARNING: pipe error: 109: file z:/build/build/src/ipc/chromium/src/chrome/common/ipc_channel_win.cc, line 332
[1560309211878	Marionette	INFO	Stopped listening on port 14517

###!!! [Child][RunMessage] Error: Channel closing: too late to send/recv, messages will be lost

1560309221335	mozrunner::runner	INFO	Running command: "C:\\Program Files\\Mozilla Firefox\\firefox.exe" "-marionette" "-foreground" "-no-remote" "-profile" "C:\\Users\\Slava\\AppData\\Local\\Temp\\rust_mozprofile.XmmDGjTtfLXm"
1560309222534	addons.webextension.screenshots@mozilla.org	WARN	Loading extension 'screenshots@mozilla.org': Reading manifest: Invalid extension permission: mozillaAddons
1560309222534	addons.webextension.screenshots@mozilla.org	WARN	Loading extension 'screenshots@mozilla.org': Reading manifest: Invalid extension permission: resource://pdf.js/
1560309222535	addons.webextension.screenshots@mozilla.org	WARN	Loading extension 'screenshots@mozilla.org': Reading manifest: Invalid extension permission: about:reader*
1560309224223	Marionette	INFO	Listening on port 14639
1560309224542	Marionette	WARN	TLS certificate errors will be ignored for this session
1560309229475	Marionette	WARN	TimedPromise timed out after 500 ms: stacktrace:
bail@chrome://marionette/content/sync.js:224:64
openRemotePrompt@jar:file:///C:/Program%20Files/Mozilla%20Firefox/omni.ja!/components/nsPrompter.js:507:5
openPrompt@jar:file:///C:/Program%20Files/Mozilla%20Firefox/omni.ja!/components/nsPrompter.js:541:17
alert@jar:file:///C:/Program%20Files/Mozilla%20Firefox/omni.ja!/components/nsPrompter.js:614:9
checkAnswer@http://suninjuly.github.io/jquery_min.js:92:13
checkTask@http://suninjuly.github.io/jquery_min.js:113:9
onsubmit@http://suninjuly.github.io/math.html:1:1
event.synthesizeMouseAtPoint@chrome://marionette/content/event.js:202:5
webdriverClickElement@chrome://marionette/content/interaction.js:183:5
[[Child 6452, Chrome_ChildChThread] WAiRNING: lpdi p1e0 7e2r8r,o rC:h ro1me_Child0T9hr: efaidl]e  zW:A/RbNuild/build/sIrNcG/:i ppc/cihproemiu mer/rsorrc: /10c9h:ro mfilee /zc:o/mbmuon/iipc_clhda/build/src/nnel_win.cc, liipnc/chromium/src/ceh r3om32
e[/Ccohmimon/ipc_channel_win.cc, line 332
[C[Child 4440, Chrome_ChildThread] WARNING: pipe error: 109: file z:/build/build/src/ipc/chromium/src/chrome/common/ipc_channel_win.cc, line 332
[Ch1560309233849	Marionette	INFO	Stopped listening on port 14639
1560309383879	mozrunner::runner	INFO	Running command: "C:\\Program Files\\Mozilla Firefox\\firefox.exe" "-marionette" "-foreground" "-no-remote" "-profile" "C:\\Users\\Slava\\AppData\\Local\\Temp\\rust_mozprofile.dbCStnnPcyhS"
1560309384385	addons.webextension.screenshots@mozilla.org	WARN	Loading extension 'screenshots@mozilla.org': Reading manifest: Invalid extension permission: mozillaAddons
1560309384385	addons.webextension.screenshots@mozilla.org	WARN	Loading extension 'screenshots@mozilla.org': Reading manifest: Invalid extension permission: resource://pdf.js/
1560309384385	addons.webextension.screenshots@mozilla.org	WARN	Loading extension 'screenshots@mozilla.org': Reading manifest: Invalid extension permission: about:reader*
1560309386038	Marionette	INFO	Listening on port 15569
1560309386096	Marionette	WARN	TLS certificate errors will be ignored for this session
[Child 10464, Chrome_[Child 10244Ch, Chrome_ChildTildThrhreead] WARNad] WIARNING: pipe error: 109: filNG:e pip e zerro:r: 109: fil/eb uild/build/src/ipc/chromium/z:/buisldr/cb/ucihlrdo/me/scroc/mimpon/ipc_channc/cehrl_womiin.cc, linuem 332/
[src/chrome/common/ipc_channel_win.cc, line 332
[[Child 4472, Chrome_ChildThread] WARNING: pipe error: 109: file z:/build/build/src/ipc/chromium/src/chrome/common/ipc_channel_win.cc, line 332
[C1560309394934	Marionette	INFO	Stopped listening on port 15569

###!!! [Child][RunMessage] Error: Channel closing: too late to send/recv, messages will be lost


###!!! [Child][MessageChannel::SendAndWait] Error: Channel error: cannot send/recv

1560309417274	mozrunner::runner	INFO	Running command: "C:\\Program Files\\Mozilla Firefox\\firefox.exe" "-marionette" "-foreground" "-no-remote" "-profile" "C:\\Users\\Slava\\AppData\\Local\\Temp\\rust_mozprofile.QVRdOPWtyyGu"
1560309417764	addons.webextension.screenshots@mozilla.org	WARN	Loading extension 'screenshots@mozilla.org': Reading manifest: Invalid extension permission: mozillaAddons
1560309417765	addons.webextension.screenshots@mozilla.org	WARN	Loading extension 'screenshots@mozilla.org': Reading manifest: Invalid extension permission: resource://pdf.js/
1560309417765	addons.webextension.screenshots@mozilla.org	WARN	Loading extension 'screenshots@mozilla.org': Reading manifest: Invalid extension permission: about:reader*
1560309419427	Marionette	INFO	Listening on port 15792
1560309419490	Marionette	WARN	TLS certificate errors will be ignored for this session
[Child 4980, Chrome_ChildThre[Chiad]l dW 4AR78N0I,NG :Chrome_Ch ipilpdThree errora:d ]109: file  z:/build/WAbRuild/src/ipc/chromium/sNrc/chrome/coImmon/ipc_channeNlG_:w ipnip.ec cerro, linr: 109: file ze 332:
/build/build/src/ipc/chromium/src/chrome/common/ipc_channel_win.cc, line 332
[[Parent 10792, Gecko_IOThread] WARNING: pipe error: 109: file z:/build/build/src/ipc/chromium/src/chrome/common/ipc_channel_win.cc, line 332
[Child 6692, Chrome_ChildThread] WARNING: pipe error: 109: file z:/build/build/src/ipc/chromium/src/chrome/common/ipc_channel_win.cc, line 332
[Ch1560309435660	Marionette	INFO	Stopped listening on port 15792
[1560309459256	mozrunner::runner	INFO	Running command: "C:\\Program Files\\Mozilla Firefox\\firefox.exe" "-marionette" "-foreground" "-no-remote" "-profile" "C:\\Users\\Slava\\AppData\\Local\\Temp\\rust_mozprofile.IABMriYemexm"
1560309459812	addons.webextension.screenshots@mozilla.org	WARN	Loading extension 'screenshots@mozilla.org': Reading manifest: Invalid extension permission: mozillaAddons
1560309459813	addons.webextension.screenshots@mozilla.org	WARN	Loading extension 'screenshots@mozilla.org': Reading manifest: Invalid extension permission: resource://pdf.js/
1560309459813	addons.webextension.screenshots@mozilla.org	WARN	Loading extension 'screenshots@mozilla.org': Reading manifest: Invalid extension permission: about:reader*
1560309461498	Marionette	INFO	Listening on port 16050
1560309461964	Marionette	WARN	TLS certificate errors will be ignored for this session
1560309467024	Marionette	WARN	TimedPromise timed out after 500 ms: stacktrace:
bail@chrome://marionette/content/sync.js:224:64
openRemotePrompt@jar:file:///C:/Program%20Files/Mozilla%20Firefox/omni.ja!/components/nsPrompter.js:507:5
openPrompt@jar:file:///C:/Program%20Files/Mozilla%20Firefox/omni.ja!/components/nsPrompter.js:541:17
alert@jar:file:///C:/Program%20Files/Mozilla%20Firefox/omni.ja!/components/nsPrompter.js:614:9
checkAnswer@http://suninjuly.github.io/jquery_min.js:90:13
checkTask@http://suninjuly.github.io/jquery_min.js:113:9
onsubmit@http://suninjuly.github.io/get_attribute.html:1:1
event.synthesizeMouseAtPoint@chrome://marionette/content/event.js:202:5
webdriverClickElement@chrome://marionette/content/interaction.js:183:5
[Parent 4000, Gecko_IOThread] WARNING: pipe error: 109: file z:/build/build/src/ipc/chromium/src/chrome/common/ipc_channel_win.cc, line 332
[Parent 4000, Gecko_IOThread] WARNING: pipe error: 109: file z:/build/build/src/ipc/chromium/src/chrome/common/ipc_channel_win.cc, line 332
[Child 2812, Chro[me_CChildThread] WARNIhNG: pipei led 5r9ror9:6 ,1 09C:h rfoimle_Ce hz:/biuild/builldd/Tshrrcead/ipc/chromium/src/chr]ome /WcAoRmNmING:o npip/eip ce_rrocr: 10ha9n:n file z:/bueilld_/wbiuni.ld/src/ipc/chrcocm,i um/line 33sr2c
/chrome/common/ipc_channel_win.cc, line 332
[Child 3460, Chrome_ChildThread] WARNING: pipe error: 109: file z:/build/build/src/ipc/chromium/src/chrome/common/ipc_channel_win.cc, line 332
[1560309521308	Marionette	INFO	Stopped listening on port 16050

###!!! [Child][RunMessage] Error: Channel closing: too late to send/recv, messages will be lost

1560786923994	mozrunner::runner	INFO	Running command: "C:\\Program Files\\Mozilla Firefox\\firefox.exe" "-marionette" "-foreground" "-no-remote" "-profile" "C:\\Users\\Slava\\AppData\\Local\\Temp\\rust_mozprofile.9Zq0k0qhRDw6"
1560786924943	addons.webextension.screenshots@mozilla.org	WARN	Loading extension 'screenshots@mozilla.org': Reading manifest: Invalid extension permission: mozillaAddons
1560786924944	addons.webextension.screenshots@mozilla.org	WARN	Loading extension 'screenshots@mozilla.org': Reading manifest: Invalid extension permission: resource://pdf.js/
1560786924944	addons.webextension.screenshots@mozilla.org	WARN	Loading extension 'screenshots@mozilla.org': Reading manifest: Invalid extension permission: about:reader*
1560786928338	Marionette	INFO	Listening on port 45595
1560786928349	Marionette	WARN	TLS certificate errors will be ignored for this session
IPDL protocol error: Handler returned error code!

###!!! [Parent][DispatchAsyncMessage] Error: PAPZCTreeManager::Msg_SetTargetAPZC Processing error: message was deserialized, but the handler returned false (indicating failure)

[Child 874[8, Chrome_ChildThread] WARNING: pipe errChoild 9140, Chrome_ChildThreadr]: W A1R0N9I: fiNG: ple z:ipe/ builde/rbruori: l1d0/9s:r cf/iile pzc://cbhruoimlid/um/src/chrome/commobuild/sn/irpcc_cha/nneilp_c/wcin.hrcomiumc/,src/ch lrione 332m
e/common/ipc_channel_win.cc, line 332
[Child 12796, Chrome_ChildThread] WARNING: pipe error: 109: file z:/build/build/src/ipc/chromium/src/chrome/common/ipc_channel_win.cc, line 332
[1560786950367	Marionette	INFO	Stopped listening on port 45595

###!!! [Child][RunMessage] Error: Channel closing: too late to send/recv, messages will be lost

1560786984970	mozrunner::runner	INFO	Running command: "C:\\Program Files\\Mozilla Firefox\\firefox.exe" "-marionette" "-foreground" "-no-remote" "-profile" "C:\\Users\\Slava\\AppData\\Local\\Temp\\rust_mozprofile.l7rw8xE9TLHQ"
1560786985748	addons.webextension.screenshots@mozilla.org	WARN	Loading extension 'screenshots@mozilla.org': Reading manifest: Invalid extension permission: mozillaAddons
1560786985749	addons.webextension.screenshots@mozilla.org	WARN	Loading extension 'screenshots@mozilla.org': Reading manifest: Invalid extension permission: resource://pdf.js/
1560786985749	addons.webextension.screenshots@mozilla.org	WARN	Loading extension 'screenshots@mozilla.org': Reading manifest: Invalid extension permission: about:reader*
1560786987483	Marionette	INFO	Listening on port 45880
1560786987749	Marionette	WARN	TLS certificate errors will be ignored for this session
1560786989375	Marionette	WARN	TimedPromise timed out after 500 ms: stacktrace:
bail@chrome://marionette/content/sync.js:224:64
openRemotePrompt@jar:file:///C:/Program%20Files/Mozilla%20Firefox/omni.ja!/components/nsPrompter.js:507:5
openPrompt@jar:file:///C:/Program%20Files/Mozilla%20Firefox/omni.ja!/components/nsPrompter.js:541:17
alert@jar:file:///C:/Program%20Files/Mozilla%20Firefox/omni.ja!/components/nsPrompter.js:614:9
checkSelectTask@http://suninjuly.github.io/jquery_min.js:125:13
onsubmit@http://suninjuly.github.io/selects1.html:1:1
event.synthesizeMouseAtPoint@chrome://marionette/content/event.js:202:5
webdriverClickElement@chrome://marionette/content/interaction.js:183:5
[Child 7628, Chrome_Chi[lCdhTihlrde ad] WA10R9N7I6N,G :C hpipe errorrome_ChildTh: 109rea:d ]fil e zW:A/bRuNIiNld/build/Gsrc/ipc/ch:romium/ spricpe/ ecrhrome/rcoorm:m o1n0/ipc_cha9n: nfeil_win.cc, llei nze: 332
[/build/build/src/ipc/chromium/src/chrome/common/ipc_channel_win.cc, line 332
[Parent 11040, Gecko_IOThread] WARNING: file z:/build/build/src/ipc/chromium/src/base/process_util_win.cc, line 166
1560786998891	Marionette	INFO	Stopped listening on port 45880
[
###!!! [Child][MessageChannel::SendAndWait] Error: Channel error: cannot send/recv

1560787563672	mozrunner::runner	INFO	Running command: "C:\\Program Files\\Mozilla Firefox\\firefox.exe" "-marionette" "-foreground" "-no-remote" "-profile" "C:\\Users\\Slava\\AppData\\Local\\Temp\\rust_mozprofile.smNefiVibGIs"
1560787564472	addons.webextension.screenshots@mozilla.org	WARN	Loading extension 'screenshots@mozilla.org': Reading manifest: Invalid extension permission: mozillaAddons
1560787564473	addons.webextension.screenshots@mozilla.org	WARN	Loading extension 'screenshots@mozilla.org': Reading manifest: Invalid extension permission: resource://pdf.js/
1560787564473	addons.webextension.screenshots@mozilla.org	WARN	Loading extension 'screenshots@mozilla.org': Reading manifest: Invalid extension permission: about:reader*
1560787566498	Marionette	INFO	Listening on port 48223
1560787566882	Marionette	WARN	TLS certificate errors will be ignored for this session
[Parent 7788, Gecko_IOThread] WARNING: pipe error: 109: file z:/build/build/src/ipc/chromium/src/chrome/common/ipc_channel_win.cc, line 332
[Parent 7788, Gecko_IOThread] WARNING: pipe error: 109: file z:/build/build/src/ipc/chromium/src/chrome/common/ipc_channel_win.cc, line 332
[[CChhilildd  412180512,,  CChrhroomme_Ce_ChildThread] WARhildThread] WARNING: pipeN error: 109:I NfGi:l ep izp:e/buil de/burirlodr/:s r109: fci/le z:/ibpc/ucihlrdo/mbiuiulm/d/ssrc/ipc/chromium/rsc/chrrocm/e/cocmhmroon/impec_/cchanonmemon/ilp_c_channel_wiwni.ncc.c,c ,l line 332ine 3
3[2
1560787580176	Marionette	INFO	Stopped listening on port 48223
[1560787623599	mozrunner::runner	INFO	Running command: "C:\\Program Files\\Mozilla Firefox\\firefox.exe" "-marionette" "-foreground" "-no-remote" "-profile" "C:\\Users\\Slava\\AppData\\Local\\Temp\\rust_mozprofile.HH20AJybDDg0"
1560787624366	addons.webextension.screenshots@mozilla.org	WARN	Loading extension 'screenshots@mozilla.org': Reading manifest: Invalid extension permission: mozillaAddons
1560787624367	addons.webextension.screenshots@mozilla.org	WARN	Loading extension 'screenshots@mozilla.org': Reading manifest: Invalid extension permission: resource://pdf.js/
1560787624367	addons.webextension.screenshots@mozilla.org	WARN	Loading extension 'screenshots@mozilla.org': Reading manifest: Invalid extension permission: about:reader*
1560787626083	Marionette	INFO	Listening on port 48429
1560787626405	Marionette	WARN	TLS certificate errors will be ignored for this session
[Child 12140, C[Parent 10516, Gecko_IOThread] WARNING: pipe error: 109: file z:/build/build/src/ipc/chromium/srch/rcomhrome/common/ipc_channel_win.cc, line 332
e_ChildThread] WARNING: pipe e[rroChri: 109ld :11 f5ile 4z0:/build/build/,s rChroc/me_Cih[pilcCdTh/crhheiraloddm] i 3uW4mA6/R4sN,rc C/chrhIorNmome_e/ChcommilondT/ihrpGec:a_ dcp]ha ipe ernWrnARNING: pipee or:lerr _w10i9or:n: .cc fi109: le,f  izll:ie/n bezu :i3/l3bd/b2uu
iilldd//sbruc/iiplcd//chromium/srsrcc//cihrome/pc/cchormommoinu/mip/cs_crhca/nchnrelo_mwei/nc.coc, limne 332
[mon/ipc_channel_win.cc, line 332
1560787630955	Marionette	INFO	Stopped listening on port 48429

###!!! [Child][RunMessage] Error: Channel closing: too late to send/recv, messages will be lost


###!!! [Child][MessageChannel::SendAndWait] Error: Channel error: cannot send/recv

1560787645828	mozrunner::runner	INFO	Running command: "C:\\Program Files\\Mozilla Firefox\\firefox.exe" "-marionette" "-foreground" "-no-remote" "-profile" "C:\\Users\\Slava\\AppData\\Local\\Temp\\rust_mozprofile.ZU9aUFPzd1Cm"
1560787646553	addons.webextension.screenshots@mozilla.org	WARN	Loading extension 'screenshots@mozilla.org': Reading manifest: Invalid extension permission: mozillaAddons
1560787646554	addons.webextension.screenshots@mozilla.org	WARN	Loading extension 'screenshots@mozilla.org': Reading manifest: Invalid extension permission: resource://pdf.js/
1560787646554	addons.webextension.screenshots@mozilla.org	WARN	Loading extension 'screenshots@mozilla.org': Reading manifest: Invalid extension permission: about:reader*
1560787648253	Marionette	INFO	Listening on port 48577
1560787648612	Marionette	WARN	TLS certificate errors will be ignored for this session
[Chi[ld 7744, Chrome_ChildThread] WARNING: pipe error: 109: fiChild 11224, Chrlome z:e_ChildThr/build/bueild/src/ipc/chromium/src/chrome/common/ipc_channel_win.cc, line 332a
d][Child 7744, Chr WARNING: pipe error: 109: file z:/build/build/src/ipc/chromium/src/chrome/common/ipc_channel_win.cc, line 332
[C[Child 11828, Chrome_ChildThread] WARNING: pipe error: 109: file z:/build/build/src/ipc/chromium/src/chrome/common/ipc_channel_win.cc, line 332
1560787657084	Marionette	INFO	Stopped listening on port 48577

###!!! [Child][RunMessage] Error: Channel closing: too late to send/recv, messages will be lost


###!!! [Child][MessageChannel::SendAndWait] Error: Channel error: cannot send/recv

1560787900507	mozrunner::runner	INFO	Running command: "C:\\Program Files\\Mozilla Firefox\\firefox.exe" "-marionette" "-foreground" "-no-remote" "-profile" "C:\\Users\\Slava\\AppData\\Local\\Temp\\rust_mozprofile.8r7PRiSWTGRK"
1560787901349	addons.webextension.screenshots@mozilla.org	WARN	Loading extension 'screenshots@mozilla.org': Reading manifest: Invalid extension permission: mozillaAddons
1560787901350	addons.webextension.screenshots@mozilla.org	WARN	Loading extension 'screenshots@mozilla.org': Reading manifest: Invalid extension permission: resource://pdf.js/
1560787901350	addons.webextension.screenshots@mozilla.org	WARN	Loading extension 'screenshots@mozilla.org': Reading manifest: Invalid extension permission: about:reader*
1560787903796	Marionette	INFO	Listening on port 49681
1560787903934	Marionette	WARN	TLS certificate errors will be ignored for this session
[Child 3132, Chrome_ChildThr[Parent 10964, Geckoe_aIdOThread] WAR] WNING: pipAe error:R N109: file z:/build/bIuild/src/ipc/chNrGo:m ipuim/src/chrome/common/ipc_channel_win.cc, line 332p
e error: 109: file z:/build/build/src/ipc/chromium/src/ch[rCohimld e7/common6/4i4pc_ch,a nCnhromele_Chi_ldThreadw] WiARNn.ccI,NG : piple error:i n1e0 332
[Chil9: file z:/build/build/src/ipc/chromium/src/chrome/common/ipc_channel_win.cc, line 332
[[Child 4636, Chrome_ChildThread] WARNING: pipe error: 109: file z:/build/build/src/ipc/chromium/src/chrome/common/ipc_channel_win.cc, line 332
[1560787910717	Marionette	INFO	Stopped listening on port 49681

###!!! [Child][MessageChannel::SendAndWait] Error: Channel error: cannot send/recv

1560787949519	mozrunner::runner	INFO	Running command: "C:\\Program Files\\Mozilla Firefox\\firefox.exe" "-marionette" "-foreground" "-no-remote" "-profile" "C:\\Users\\Slava\\AppData\\Local\\Temp\\rust_mozprofile.UiYAE3ybcaOG"
1560787950344	addons.webextension.screenshots@mozilla.org	WARN	Loading extension 'screenshots@mozilla.org': Reading manifest: Invalid extension permission: mozillaAddons
1560787950344	addons.webextension.screenshots@mozilla.org	WARN	Loading extension 'screenshots@mozilla.org': Reading manifest: Invalid extension permission: resource://pdf.js/
1560787950345	addons.webextension.screenshots@mozilla.org	WARN	Loading extension 'screenshots@mozilla.org': Reading manifest: Invalid extension permission: about:reader*
1560787952316	Marionette	INFO	Listening on port 49947
1560787952734	Marionette	WARN	TLS certificate errors will be ignored for this session
1560787954800	Marionette	WARN	TimedPromise timed out after 500 ms: stacktrace:
bail@chrome://marionette/content/sync.js:224:64
openRemotePrompt@jar:file:///C:/Program%20Files/Mozilla%20Firefox/omni.ja!/components/nsPrompter.js:507:5
openPrompt@jar:file:///C:/Program%20Files/Mozilla%20Firefox/omni.ja!/components/nsPrompter.js:541:17
alert@jar:file:///C:/Program%20Files/Mozilla%20Firefox/omni.ja!/components/nsPrompter.js:614:9
checkAnswer@https://suninjuly.github.io/jquery_min.js:90:13
checkTask@https://suninjuly.github.io/jquery_min.js:113:9
onsubmit@https://suninjuly.github.io/execute_script.html:1:1
event.synthesizeMouseAtPoint@chrome://marionette/content/event.js:202:5
webdriverClickElement@chrome://marionette/content/interaction.js:183:5
[Parent 8128, Gecko_IOThread] WARNING: pipe error: 109: file z:/build/build/src/ipc/chromium/src/chrome/common/ipc_channel_win.cc, line 332
[C[hCihild 3340, Chrome_Childl d9T9h0r4e,a dC]h rWoAmReN_IChildThread] WARNING: pipe error: 109: fNiGl:e  pizpe: /eburirlodr/:b 1u0il9d/src/ip: file z:/build/cbuild/src/ipc/chromium/src/ch/rcohrmomiue/commom/src/chrnome/commo/nip/c_ichannel_win.cc, line 332
pc_channel_win.cc, line 332
[Chi[Parent 8128, Gecko_IOThread] WARNING: pipe error: 109: file z:/build/build/src/ipc/chromium/src/chrome/common/ipc_channel_win.cc, line 332
[Child 10088, Chrome_ChildThread] WARNING: pipe error: 109: file z:/build/build/src/ipc/chromium/src/chrome/common/ipc_channel_win.cc, line 332
[1560787967440	Marionette	INFO	Stopped listening on port 49947
[1560871365350	mozrunner::runner	INFO	Running command: "C:\\Program Files\\Mozilla Firefox\\firefox.exe" "-marionette" "-foreground" "-no-remote" "-profile" "C:\\Users\\Slava\\AppData\\Local\\Temp\\rust_mozprofile.JkdX7iiMEbgH"
1560871367094	addons.webextension.screenshots@mozilla.org	WARN	Loading extension 'screenshots@mozilla.org': Reading manifest: Invalid extension permission: mozillaAddons
1560871367094	addons.webextension.screenshots@mozilla.org	WARN	Loading extension 'screenshots@mozilla.org': Reading manifest: Invalid extension permission: resource://pdf.js/
1560871367095	addons.webextension.screenshots@mozilla.org	WARN	Loading extension 'screenshots@mozilla.org': Reading manifest: Invalid extension permission: about:reader*
1560871369738	Marionette	INFO	Listening on port 48686
1560871369859	Marionette	WARN	TLS certificate errors will be ignored for this session
[C[Childhild 6556, Chrome_ChildThread] WARNING: pipe erro 10672, Chromer_: 109: file z:/build/build/Chsrc/iipc/chroldThread] mWiuAmRNI/NsGr:c /chrome/common/ipc_channel_pwipien .cc, line 332
[Cherror: 109: file z:/build/build/src/ipc/chromium/src/chrome/common/ipc_channel_win.cc, line 332
[Child 10672[Child 2640, Chrome_ChildThread] WARNING: pipe error: 109: file z:/build/build/src/ipc/chromium/src/chrome/common/ipc_channel_win.cc, line 332
[1560871390702	Marionette	INFO	Stopped listening on port 48686

###!!! [Child][RunMessage] Error: Channel closing: too late to send/recv, messages will be lost

1560871446254	mozrunner::runner	INFO	Running command: "C:\\Program Files\\Mozilla Firefox\\firefox.exe" "-marionette" "-foreground" "-no-remote" "-profile" "C:\\Users\\Slava\\AppData\\Local\\Temp\\rust_mozprofile.wM8rDrCkJttU"
1560871447075	addons.webextension.screenshots@mozilla.org	WARN	Loading extension 'screenshots@mozilla.org': Reading manifest: Invalid extension permission: mozillaAddons
1560871447076	addons.webextension.screenshots@mozilla.org	WARN	Loading extension 'screenshots@mozilla.org': Reading manifest: Invalid extension permission: resource://pdf.js/
1560871447076	addons.webextension.screenshots@mozilla.org	WARN	Loading extension 'screenshots@mozilla.org': Reading manifest: Invalid extension permission: about:reader*
1560871448841	Marionette	INFO	Listening on port 49114
1560871448960	Marionette	WARN	TLS certificate errors will be ignored for this session
[Child 5752, Chrome_[CChhiildlTd h4re9a1d] 6W,A RNCING: pipehr oemrer_oCrh:i l1d0T9h:read]  fWARiNING: pipe error:l 1e0 9z: file z:/build/build/src/ipc/chromiu:m/b/suricl/dc/hbruoime/lcdo/msmrocn/i/pipc/cc_chromhainunme/ls_rwci/nc.hcrcom,e l/cine 332om
m[on/ipc_channel_win.cc, line 332
[Chi[Parent 4460, Gecko_IOThread] WARNING: pipe error: 109: file z:/build/build/src/ipc/chromium/src/chrome/common/ipc_channel_win.cc, line 332
[Child 10208, Chrome_ChildThread] WARNING: pipe error: 109: file z:/build/build/src/ipc/chromium/src/chrome/common/ipc_channel_win.cc, line 332
[1560871455785	Marionette	INFO	Stopped listening on port 49114
[1560871490393	mozrunner::runner	INFO	Running command: "C:\\Program Files\\Mozilla Firefox\\firefox.exe" "-marionette" "-foreground" "-no-remote" "-profile" "C:\\Users\\Slava\\AppData\\Local\\Temp\\rust_mozprofile.cI9XlGaZ6YtP"
1560871491174	addons.webextension.screenshots@mozilla.org	WARN	Loading extension 'screenshots@mozilla.org': Reading manifest: Invalid extension permission: mozillaAddons
1560871491175	addons.webextension.screenshots@mozilla.org	WARN	Loading extension 'screenshots@mozilla.org': Reading manifest: Invalid extension permission: resource://pdf.js/
1560871491175	addons.webextension.screenshots@mozilla.org	WARN	Loading extension 'screenshots@mozilla.org': Reading manifest: Invalid extension permission: about:reader*
1560871492954	Marionette	INFO	Listening on port 49382
1560871493132	Marionette	WARN	TLS certificate errors will be ignored for this session
1560871494545	Marionette	WARN	TimedPromise timed out after 500 ms: stacktrace:
bail@chrome://marionette/content/sync.js:224:64
httpGet@http://suninjuly.github.io/jquery_min.js:23:5
getHashcode@http://suninjuly.github.io/jquery_min.js:32:13
showResult@http://suninjuly.github.io/jquery_min.js:139:24
onsubmit@http://suninjuly.github.io/file_input.html:1:1
event.synthesizeMouseAtPoint@chrome://marionette/content/event.js:202:5
webdriverClickElement@chrome://marionette/content/interaction.js:183:5
[Child 9056, Chrome_ChildThread] WARNING: pipe error: 109: file z:/build/build/src/ipc/chromium/src/chrome/common/ipc_channel_win.cc, line 332
[[Parent 8264, Gecko_IOThread] WARNING: pipe error: 109: file z:/build/build/src/ipc/chromium/src/chrome/common/ipc_channel_win.cc, line 332
[Child 9656, Chrome_ChildThread] WARNING: pipe error: 109: file z:/build/build/src/ipc/chromium/src/chrome/common/ipc_channel_win.cc, line 332
[1560871510064	Marionette	INFO	Stopped listening on port 49382

###!!! [Child][RunMessage] Error: Channel closing: too late to send/recv, messages will be lost

1560945393728	mozrunner::runner	INFO	Running command: "C:\\Program Files\\Mozilla Firefox\\firefox.exe" "-marionette" "-foreground" "-no-remote" "-profile" "C:\\Users\\Slava\\AppData\\Local\\Temp\\rust_mozprofile.YnRzELqXRP80"
1560945394791	addons.webextension.screenshots@mozilla.org	WARN	Loading extension 'screenshots@mozilla.org': Reading manifest: Invalid extension permission: mozillaAddons
1560945394791	addons.webextension.screenshots@mozilla.org	WARN	Loading extension 'screenshots@mozilla.org': Reading manifest: Invalid extension permission: resource://pdf.js/
1560945394791	addons.webextension.screenshots@mozilla.org	WARN	Loading extension 'screenshots@mozilla.org': Reading manifest: Invalid extension permission: about:reader*
1560945396660	Marionette	INFO	Listening on port 19032
1560945396980	Marionette	WARN	TLS certificate errors will be ignored for this session
[[CChhild 8924, Chrome_ChildThread] WARNING: pipe error: il1d0 97652, Chrome_Child:Thread] WARNING:  pipe error: 109: ffile z:/build/biuliel dz/:s/rbcu/iilpdc//bcuhirlod/src/ipc/chromimuium/srm/src/chrome/common/ipc_cc/chrome/hcanomnmeoln/i_win.pcc, line 3c3_chann2e
l[C_win.cc, line 332
[[Child 9688, Chrome_ChildThread] WARNING: pipe error: 109: file z:/build/build/src/ipc/chromium/src/chrome/common/ipc_channel_win.cc, line 332
1560945455177	Marionette	INFO	Stopped listening on port 19032

###!!! [Child][RunMessage] Error: Channel closing: too late to send/recv, messages will be lost

1560945489466	mozrunner::runner	INFO	Running command: "C:\\Program Files\\Mozilla Firefox\\firefox.exe" "-marionette" "-foreground" "-no-remote" "-profile" "C:\\Users\\Slava\\AppData\\Local\\Temp\\rust_mozprofile.RTS2I7mWwthI"
1560945490219	addons.webextension.screenshots@mozilla.org	WARN	Loading extension 'screenshots@mozilla.org': Reading manifest: Invalid extension permission: mozillaAddons
1560945490219	addons.webextension.screenshots@mozilla.org	WARN	Loading extension 'screenshots@mozilla.org': Reading manifest: Invalid extension permission: resource://pdf.js/
1560945490219	addons.webextension.screenshots@mozilla.org	WARN	Loading extension 'screenshots@mozilla.org': Reading manifest: Invalid extension permission: about:reader*
1560945491817	Marionette	INFO	Listening on port 19773
1560945492213	Marionette	WARN	TLS certificate errors will be ignored for this session
1560945496668	Marionette	WARN	TimedPromise timed out after 500 ms: stacktrace:
bail@chrome://marionette/content/sync.js:224:64
openRemotePrompt@jar:file:///C:/Program%20Files/Mozilla%20Firefox/omni.ja!/components/nsPrompter.js:507:5
openPrompt@jar:file:///C:/Program%20Files/Mozilla%20Firefox/omni.ja!/components/nsPrompter.js:541:17
alert@jar:file:///C:/Program%20Files/Mozilla%20Firefox/omni.ja!/components/nsPrompter.js:614:9
checkAnswer@http://suninjuly.github.io/jquery_min.js:90:13
onsubmit@http://suninjuly.github.io/alert_redirect.html:1:1
event.synthesizeMouseAtPoint@chrome://marionette/content/event.js:202:5
webdriverClickElement@chrome://marionette/content/interaction.js:183:5
[Parent 8328, Gecko_IOThread] WARNING: pipe error[: 109: fileChild 9836, Chrom z:/build/build/srce_ChildThread/ipc/chromium/src/chrome/common/ipc_channel_win.cc, line 332]
 WARNING: pipe error: 109: file z:/build/build/src/ipc/chromium/src/chrome/common/ipc_channel_win.cc, line 332

###!!! [Child][MessageChannel] Error: (msgtype=0x350100,name=PContent::Msg_AccumulateChildHistograms) Channel closing: too late to send/recv, messages will be lost


###!!! [Child][MessageChannel] Error: (msgtype=0x350105,name=PContent::Msg_RecordDiscardedData) Channel closing: too late to send/recv, messages will be lost

[[Child 5324, Chrome_ChildThread] WARNI[NParent 8328, Gecko_IOThread] WARNING: pipe error: 109G: pipe error: 109: file z:/build/build/src/ipc/chromium/sr:c/chrome/common/ipc_channel_win.cc, line 332 
file z:/build/build/src/ipc/chromium/src/chrome/common/ipc_channel_win.cc, line 332
[Child 7416, Chrome_ChildThread] WARNING: pipe error: 109: file z:/build/build/src/ipc/chromium/src/chrome/common/ipc_channel_win.cc, line 332
1560945506604	Marionette	INFO	Stopped listening on port 19773

###!!! [Child][RunMessage] Error: Channel closing: too late to send/recv, messages will be lost

1560945712846	mozrunner::runner	INFO	Running command: "C:\\Program Files\\Mozilla Firefox\\firefox.exe" "-marionette" "-foreground" "-no-remote" "-profile" "C:\\Users\\Slava\\AppData\\Local\\Temp\\rust_mozprofile.DrK1p35lvx5k"
1560945713429	addons.webextension.screenshots@mozilla.org	WARN	Loading extension 'screenshots@mozilla.org': Reading manifest: Invalid extension permission: mozillaAddons
1560945713430	addons.webextension.screenshots@mozilla.org	WARN	Loading extension 'screenshots@mozilla.org': Reading manifest: Invalid extension permission: resource://pdf.js/
1560945713430	addons.webextension.screenshots@mozilla.org	WARN	Loading extension 'screenshots@mozilla.org': Reading manifest: Invalid extension permission: about:reader*
1560945715195	Marionette	INFO	Listening on port 21829
1560945715572	Marionette	WARN	TLS certificate errors will be ignored for this session
JavaScript error: http://suninjuly.github.io/jquery_min.js, line 76: ReferenceError: $ is not defined
[Parent 9108, Gecko_IOThread] WARNING: pipe error: 109: file z:/build/build/src/ipc/chromium/src/chrome/common/ipc_channel_win.cc, line 332
[Parent 9108, Gecko_IOThread] WARNING: pipe error: 109: file z:/build/build/src/ipc/chromium/src/chrome/common/ipc_channel_win.cc, line 332
[Child 9732, Ch[rChildo 8me_ChildThrea49d6],  WCAhRrNIoNmGe_Child:Th rpipe erroeard:]  1W0A9R:N IfNilG: pipe ee rzr:o/rb:u i1l0d/9build/src/ipc:/ chfriolemi uzm://sburic/clhdr/ombuei/lcd/osmrmco/ni/pipcc_/cchharnonmel_iwin.cc, luimn/es rc3/3c2h
rome/common/ipc_channel_win.cc, line 332
[[Parent 9108, Gecko_IOThread] WARNING: pipe error: 109: file z:/build/build/src/ipc/chromium/src/chrome/common/ipc_channel_win.cc, line 332
[Child 9004, Chrome_ChildThread] WARNING: pipe error: 109: file z:/build/build/src/ipc/chromium/src/chrome/common/ipc_channel_win.cc, line 332
1560945773393	Marionette	INFO	Stopped listening on port 21829
1560945790687	mozrunner::runner	INFO	Running command: "C:\\Program Files\\Mozilla Firefox\\firefox.exe" "-marionette" "-foreground" "-no-remote" "-profile" "C:\\Users\\Slava\\AppData\\Local\\Temp\\rust_mozprofile.KFkS4mz2WWIZ"
1560945791427	addons.webextension.screenshots@mozilla.org	WARN	Loading extension 'screenshots@mozilla.org': Reading manifest: Invalid extension permission: mozillaAddons
1560945791428	addons.webextension.screenshots@mozilla.org	WARN	Loading extension 'screenshots@mozilla.org': Reading manifest: Invalid extension permission: resource://pdf.js/
1560945791428	addons.webextension.screenshots@mozilla.org	WARN	Loading extension 'screenshots@mozilla.org': Reading manifest: Invalid extension permission: about:reader*
1560945793086	Marionette	INFO	Listening on port 22577
1560945793430	Marionette	WARN	TLS certificate errors will be ignored for this session
1560945797056	Marionette	WARN	TimedPromise timed out after 500 ms: stacktrace:
bail@chrome://marionette/content/sync.js:224:64
httpGet@http://suninjuly.github.io/jquery_min.js:23:5
getHashcode@http://suninjuly.github.io/jquery_min.js:32:13
checkAnswer@http://suninjuly.github.io/jquery_min.js:89:28
onsubmit@http://suninjuly.github.io/redirect_page.html:1:1
event.synthesizeMouseAtPoint@chrome://marionette/content/event.js:202:5
webdriverClickElement@chrome://marionette/content/interaction.js:183:5
JavaScript error: http://suninjuly.github.io/jquery_min.js, line 76: ReferenceError: $ is not defined
[Child 820, Chrome_ChildThread] WARNING: pipe error: 109: file z:/build/build/src/ipc/chromium/src/chrome/common/ipc_channel_win.cc, line 332
[C[Child 6272, Chrome_ChildThread] WARNING: pipe error: 109: file z:/build/build/src/ipc/chromium/src/chrome/common/ipc_channel_win.cc, line 332
[Parent 1100, Gecko_IOThread] WARNING: pipe error: 109: file z:/build/build/src/ipc/chromium/src/chrome/common/ipc_channel_win.cc, line 332
[Child 7608, Chrome_ChildThread] WARNING: pipe error: 109: file z:/build/build/src/ipc/chromium/src/chrome/common/ipc_channel_win.cc, line 332
[1560945807848	Marionette	INFO	Stopped listening on port 22577

###!!! [Child][RunMessage] Error: Channel closing: too late to send/recv, messages will be lost


###!!! [Child][MessageChannel::SendAndWait] Error: (msgtype=0x540005,name=PImageBridge::Msg_WillClose) Channel error: cannot send/recv

